<?xml version="1.0" encoding="UTF-8"?>
<!-- Generated by org.testng.reporters.JUnitReportReporter -->
<testsuite hostname="LAPTOP-NHIRK0VI" failures="0" tests="2" name="com.qa.testcases.SmokeTesting" time="10.114" errors="0" timestamp="2023-07-25T22:09:33 IST" skipped="0">
  <testcase classname="com.qa.testcases.SmokeTesting" name="smokeTest" time="9.922"/>
  <system-out/>
  <testcase classname="com.qa.testcases.SmokeTesting" name="openLinkedIn" time="0.192"/>
  <system-out/>
</testsuite> <!-- com.qa.testcases.SmokeTesting -->
