<?xml version="1.0" encoding="UTF-8"?>
<!-- Generated by org.testng.reporters.JUnitReportReporter -->
<testsuite hostname="LAPTOP-NHIRK0VI" failures="0" tests="3" name="com.qa.testcases.HomePageTest" time="16.538" errors="0" timestamp="2023-07-25T22:09:33 IST" skipped="0">
  <testcase classname="com.qa.testcases.HomePageTest" name="launchFloc" time="4.537"/>
  <system-out/>
  <testcase classname="com.qa.testcases.HomePageTest" name="menuTest" time="8.033"/>
  <system-out/>
  <testcase classname="com.qa.testcases.HomePageTest" name="downloadAppTest" time="3.968"/>
  <system-out/>
</testsuite> <!-- com.qa.testcases.HomePageTest -->
