<?xml version="1.0" encoding="UTF-8"?>
<!-- Generated by org.testng.reporters.JUnitReportReporter -->
<testsuite hostname="LAPTOP-NHIRK0VI" failures="0" tests="1" name="com.qa.testcases.FlocHomePageTest" time="5.293" errors="0" timestamp="2023-07-25T15:13:25 IST" skipped="0">
  <testcase classname="com.qa.testcases.FlocHomePageTest" name="launchFloc" time="5.293"/>
  <system-out/>
</testsuite> <!-- com.qa.testcases.FlocHomePageTest -->
